0 info it worked if it ends with ok
1 verbose cli [ '/usr/local/bin/node',
1 verbose cli   '/usr/local/bin/npm',
1 verbose cli   'version',
1 verbose cli   'patch' ]
2 info using npm@3.3.6
3 info using node@v5.0.0
4 info git [ 'status', '--porcelain' ]
5 verbose stack Error: Git working directory not clean.
5 verbose stack M es6-renderer.js
5 verbose stack     at /usr/local/lib/node_modules/npm/lib/version.js:172:21
5 verbose stack     at ChildProcess.exithandler (child_process.js:194:7)
5 verbose stack     at emitTwo (events.js:87:13)
5 verbose stack     at ChildProcess.emit (events.js:172:7)
5 verbose stack     at maybeClose (internal/child_process.js:818:16)
5 verbose stack     at Process.ChildProcess._handle.onexit (internal/child_process.js:211:5)
6 verbose cwd /home/dian/git/express-es6-template-engine
7 error Linux 3.19.0-25-generic
8 error argv "/usr/local/bin/node" "/usr/local/bin/npm" "version" "patch"
9 error node v5.0.0
10 error npm  v3.3.6
11 error Git working directory not clean.
11 error M es6-renderer.js
12 error If you need help, you may report this error at:
12 error     <https://github.com/npm/npm/issues>
13 verbose exit [ 1, true ]
